<?xml version="1.0" encoding="UTF-8"?>
<!-- Generated by org.testng.reporters.JUnitReportReporter -->
<testsuite skipped="0" hostname="DESKTOP-LTMRD99" name="qaclickacademy.RestApiTest" tests="2" failures="0" timestamp="16 Aug 2019 13:05:38 GMT" time="0.019" errors="0">
  <testcase name="personal6" time="0.000" classname="qaclickacademy.RestApiTest"/>
  <testcase name="personal5" time="0.019" classname="qaclickacademy.RestApiTest"/>
</testsuite> <!-- qaclickacademy.RestApiTest -->
