<?xml version="1.0" encoding="UTF-8"?>
<!-- Generated by org.testng.reporters.JUnitReportReporter -->
<testsuite skipped="0" hostname="DESKTOP-LTMRD99" name="qaclickacademy.AppiumTest" tests="2" failures="0" timestamp="16 Aug 2019 13:05:37 GMT" time="0.000" errors="0">
  <testcase name="personal4" time="0.000" classname="qaclickacademy.AppiumTest"/>
  <testcase name="personal3" time="0.000" classname="qaclickacademy.AppiumTest"/>
</testsuite> <!-- qaclickacademy.AppiumTest -->
