<?xml version="1.0" encoding="UTF-8"?>
<!-- Generated by org.testng.reporters.JUnitReportReporter -->
<testsuite skipped="0" hostname="DESKTOP-LTMRD99" name="qaclickacademy.SeleniumJavaTest" tests="2" failures="0" timestamp="16 Aug 2019 13:05:37 GMT" time="0.001" errors="0">
  <testcase name="personal1" time="0.001" classname="qaclickacademy.SeleniumJavaTest"/>
  <testcase name="personal2" time="0.000" classname="qaclickacademy.SeleniumJavaTest"/>
</testsuite> <!-- qaclickacademy.SeleniumJavaTest -->
